{"name": "test_click_events", "status": "failed", "statusDetails": {"message": "AssertionError: Страница не открылась\nassert False is True", "trace": "self = <automation_project.tests.test_click_events.TestClickEvents object at 0x000001EA467CD550>, driver = <selenium.webdriver.chrome.webdriver.WebDriver (session=\"2b92aed43bf0edf853b352fdf88ec095\")>\n\n    @allure.story(\"Test different click events\")\n    @allure.severity(allure.severity_level.NORMAL)\n    def test_click_events(self, driver):\n        click_page = ClickEventsPage(driver)\n    \n        # Открываем страницу\n        result = click_page.open_click_events_page()\n>       assert result is True, \"Страница не открылась\"\nE       AssertionError: Страница не открылась\nE       assert False is True\n\ntests\\test_click_events.py:19: AssertionError"}, "start": 1759000894225, "stop": 1759000900411, "uuid": "4759beda-4cec-48aa-ad0c-5a0bcf0b9fb4", "historyId": "d411aff5b7f41245e296c335cdbd1bc0", "testCaseId": "d411aff5b7f41245e296c335cdbd1bc0", "fullName": "tests.test_click_events.TestClickEvents#test_click_events", "labels": [{"name": "severity", "value": "normal"}, {"name": "story", "value": "Test different click events"}, {"name": "feature", "value": "Click Events"}, {"name": "parentSuite", "value": "tests"}, {"name": "suite", "value": "test_click_events"}, {"name": "subSuite", "value": "TestClickEvents"}, {"name": "host", "value": "MakuOSPC"}, {"name": "thread", "value": "39048-MainThread"}, {"name": "framework", "value": "pytest"}, {"name": "language", "value": "cpython3"}, {"name": "package", "value": "tests.test_click_events"}], "titlePath": ["tests", "test_click_events.py", "TestClickEvents"]}