{"name": "test_fill_and_submit_form", "status": "broken", "statusDetails": {"message": "selenium.common.exceptions.TimeoutException: Message:", "trace": "tests\\test_form.py:21: in test_fill_and_submit_form\n    form_page.fill_form(\"Test User\", \"test@example.com\", \"This is a test message\")\npages\\form_page.py:16: in fill_form\n    self.input_text(self.NAME_FIELD, name)\npages\\base_page.py:86: in input_text\n    element = self.find_element(locator, handle_alert)\n              ^^^^^^^^^^^^^^^^^^^^^^^^^^^^^^^^^^^^^^^^\npages\\base_page.py:64: in find_element\n    return WebDriverWait(self.driver, timeout).until(\n..\\..\\AppData\\Local\\Packages\\PythonSoftwareFoundation.Python.3.12_qbz5n2kfra8p0\\LocalCache\\local-packages\\Python312\\site-packages\\selenium\\webdriver\\support\\wait.py:138: in until\n    raise TimeoutException(message, screen, stacktrace)\nE   selenium.common.exceptions.TimeoutException: Message:"}, "steps": [{"name": "Open form page", "status": "passed", "start": 1758990616074, "stop": 1758990658113}, {"name": "Fill form fields", "status": "broken", "statusDetails": {"message": "selenium.common.exceptions.TimeoutException: Message: \n\n", "trace": "  File \"C:\\Users\\Fr0z3n556\\Desktop\\automation_project\\tests\\test_form.py\", line 21, in test_fill_and_submit_form\n    form_page.fill_form(\"Test User\", \"test@example.com\", \"This is a test message\")\n  File \"C:\\Users\\Fr0z3n556\\Desktop\\automation_project\\pages\\form_page.py\", line 16, in fill_form\n    self.input_text(self.NAME_FIELD, name)\n  File \"C:\\Users\\Fr0z3n556\\Desktop\\automation_project\\pages\\base_page.py\", line 86, in input_text\n    element = self.find_element(locator, handle_alert)\n              ^^^^^^^^^^^^^^^^^^^^^^^^^^^^^^^^^^^^^^^^\n  File \"C:\\Users\\Fr0z3n556\\Desktop\\automation_project\\pages\\base_page.py\", line 64, in find_element\n    return WebDriverWait(self.driver, timeout).until(\n           ^^^^^^^^^^^^^^^^^^^^^^^^^^^^^^^^^^^^^^^^^^\n  File \"C:\\Users\\Fr0z3n556\\AppData\\Local\\Packages\\PythonSoftwareFoundation.Python.3.12_qbz5n2kfra8p0\\LocalCache\\local-packages\\Python312\\site-packages\\selenium\\webdriver\\support\\wait.py\", line 138, in until\n    raise TimeoutException(message, screen, stacktrace)\n"}, "attachments": [{"name": "element_not_found_g1103-name", "source": "5a38a05a-3142-4384-8bf3-e51f5f9c88f3-attachment.png", "type": "image/png"}], "start": 1758990658113, "stop": 1758990671513}], "start": 1758990616074, "stop": 1758990671515, "uuid": "0492b082-5f71-40af-baec-c67a8b9be90c", "historyId": "2650da391c980413bcdedeabba7a0a65", "testCaseId": "2650da391c980413bcdedeabba7a0a65", "fullName": "tests.test_form.TestForm#test_fill_and_submit_form", "labels": [{"name": "severity", "value": "critical"}, {"name": "feature", "value": "Form Page"}, {"name": "story", "value": "Fill and submit form"}, {"name": "parentSuite", "value": "tests"}, {"name": "suite", "value": "test_form"}, {"name": "subSuite", "value": "TestForm"}, {"name": "host", "value": "MakuOSPC"}, {"name": "thread", "value": "32360-MainThread"}, {"name": "framework", "value": "pytest"}, {"name": "language", "value": "cpython3"}, {"name": "package", "value": "tests.test_form"}], "titlePath": ["tests", "test_form.py", "TestForm"]}