{"name": "test_fill_and_submit_form", "status": "failed", "statusDetails": {"message": "AssertionError: Страница не открылась\nassert False is True", "trace": "self = <automation_project.tests.test_form.TestForm object at 0x000001EA45CC1220>, driver = <selenium.webdriver.chrome.webdriver.WebDriver (session=\"22e2418c41e244d524689ce2654dc54f\")>\n\n    @allure.story(\"Fill and submit form\")\n    @allure.severity(allure.severity_level.CRITICAL)\n    def test_fill_and_submit_form(self, driver):\n        form_page = FormPage(driver)\n    \n        # Открываем страницу\n        result = form_page.open_form_page()\n>       assert result is True, \"Страница не открылась\"\nE       AssertionError: Страница не открылась\nE       assert False is True\n\ntests\\test_form.py:19: AssertionError"}, "start": 1759000907963, "stop": 1759000919272, "uuid": "86ad7408-7f6e-48d1-a66c-8e1bbf0a5b81", "historyId": "2650da391c980413bcdedeabba7a0a65", "testCaseId": "2650da391c980413bcdedeabba7a0a65", "fullName": "tests.test_form.TestForm#test_fill_and_submit_form", "labels": [{"name": "severity", "value": "critical"}, {"name": "feature", "value": "Form Page"}, {"name": "story", "value": "Fill and submit form"}, {"name": "parentSuite", "value": "tests"}, {"name": "suite", "value": "test_form"}, {"name": "subSuite", "value": "TestForm"}, {"name": "host", "value": "MakuOSPC"}, {"name": "thread", "value": "39048-MainThread"}, {"name": "framework", "value": "pytest"}, {"name": "language", "value": "cpython3"}, {"name": "package", "value": "tests.test_form"}], "titlePath": ["tests", "test_form.py", "TestForm"]}