{"name": "test_fill_and_submit_form", "status": "failed", "statusDetails": {"message": "AssertionError: Failed to open form page\nassert False\n +  where False = open_form_page()\n +    where open_form_page = <pages.form_page.FormPage object at 0x000001EFD6988C50>.open_form_page", "trace": "self = <automation_project.tests.test_form.TestForm object at 0x000001EFD68CCB60>, driver = <selenium.webdriver.chrome.webdriver.WebDriver (session=\"3d199dfc8d5b75dc39297681e21f72ba\")>\n\n    @allure.story(\"Fill and submit form\")\n    @allure.severity(allure.severity_level.CRITICAL)\n    def test_fill_and_submit_form(self, driver):\n        form_page = FormPage(driver)\n    \n        with allure.step(\"Open form page\"): # type: ignore\n>           assert form_page.open_form_page(), \"Failed to open form page\"\nE           AssertionError: Failed to open form page\nE           assert False\nE            +  where False = open_form_page()\nE            +    where open_form_page = <pages.form_page.FormPage object at 0x000001EFD6988C50>.open_form_page\n\ntests\\test_form.py:18: AssertionError"}, "steps": [{"name": "Open form page", "status": "failed", "statusDetails": {"message": "AssertionError: Failed to open form page\nassert False\n +  where False = open_form_page()\n +    where open_form_page = <pages.form_page.FormPage object at 0x000001EFD6988C50>.open_form_page\n", "trace": "  File \"C:\\Users\\Fr0z3n556\\Desktop\\automation_project\\tests\\test_form.py\", line 18, in test_fill_and_submit_form\n    assert form_page.open_form_page(), \"Failed to open form page\"\n"}, "start": 1758997523873, "stop": 1758997531785}], "start": 1758997523873, "stop": 1758997531786, "uuid": "c7cea8a7-19f5-44bf-b183-9a6220f03635", "historyId": "2650da391c980413bcdedeabba7a0a65", "testCaseId": "2650da391c980413bcdedeabba7a0a65", "fullName": "tests.test_form.TestForm#test_fill_and_submit_form", "labels": [{"name": "story", "value": "Fill and submit form"}, {"name": "feature", "value": "Form Page"}, {"name": "severity", "value": "critical"}, {"name": "parentSuite", "value": "tests"}, {"name": "suite", "value": "test_form"}, {"name": "subSuite", "value": "TestForm"}, {"name": "host", "value": "MakuOSPC"}, {"name": "thread", "value": "35320-MainThread"}, {"name": "framework", "value": "pytest"}, {"name": "language", "value": "cpython3"}, {"name": "package", "value": "tests.test_form"}], "titlePath": ["tests", "test_form.py", "TestForm"]}