{"name": "test_all_popups", "status": "failed", "statusDetails": {"message": "AssertionError: Страница не открылась\nassert False is True", "trace": "self = <automation_project.tests.test_popups.TestPopups object at 0x000001F66180B3E0>, driver = <selenium.webdriver.chrome.webdriver.WebDriver (session=\"4583262aacb4197beefd9b87a92b792d\")>\n\n    @allure.story(\"Test all popup types\")\n    @allure.severity(allure.severity_level.NORMAL)\n    def test_all_popups(self, driver):\n        popups_page = PopupsPage(driver)\n    \n        # Открываем страницу\n        result = popups_page.open_popups_page()\n>       assert result is True, \"Страница не открылась\"\nE       AssertionError: Страница не открылась\nE       assert False is True\n\ntests\\test_popups.py:19: AssertionError"}, "start": 1759038633050, "stop": 1759038635342, "uuid": "317f96b7-cd87-4d71-914b-7a10d408f2f6", "historyId": "0289197de3f4ce370a837d51f6ba0dbe", "testCaseId": "0289197de3f4ce370a837d51f6ba0dbe", "fullName": "tests.test_popups.TestPopups#test_all_popups", "labels": [{"name": "story", "value": "Test all popup types"}, {"name": "severity", "value": "normal"}, {"name": "feature", "value": "Popups"}, {"name": "parentSuite", "value": "tests"}, {"name": "suite", "value": "test_popups"}, {"name": "subSuite", "value": "TestPopups"}, {"name": "host", "value": "MakuOSPC"}, {"name": "thread", "value": "14852-MainThread"}, {"name": "framework", "value": "pytest"}, {"name": "language", "value": "cpython3"}, {"name": "package", "value": "tests.test_popups"}], "titlePath": ["tests", "test_popups.py", "TestPopups"]}