{"name": "test_all_popups", "status": "failed", "statusDetails": {"message": "AssertionError: Страница не открылась\nassert False is True", "trace": "self = <automation_project.tests.test_popups.TestPopups object at 0x0000014E2000EE10>, driver = <selenium.webdriver.chrome.webdriver.WebDriver (session=\"8b512b8cd08469d0477237a6ac4d9230\")>\n\n    @allure.story(\"Test all popup types\")\n    @allure.severity(allure.severity_level.NORMAL)\n    def test_all_popups(self, driver):\n        popups_page = PopupsPage(driver)\n    \n        # Открываем страницу\n        result = popups_page.open_popups_page()\n>       assert result is True, \"Страница не открылась\"\nE       AssertionError: Страница не открылась\nE       assert False is True\n\ntests\\test_popups.py:19: AssertionError"}, "start": 1759042098208, "stop": 1759042103540, "uuid": "a70b31b3-cb32-40c0-8059-b59ef34cd1a9", "historyId": "0289197de3f4ce370a837d51f6ba0dbe", "testCaseId": "0289197de3f4ce370a837d51f6ba0dbe", "fullName": "tests.test_popups.TestPopups#test_all_popups", "labels": [{"name": "severity", "value": "normal"}, {"name": "story", "value": "Test all popup types"}, {"name": "feature", "value": "Popups"}, {"name": "parentSuite", "value": "tests"}, {"name": "suite", "value": "test_popups"}, {"name": "subSuite", "value": "TestPopups"}, {"name": "host", "value": "MakuOSPC"}, {"name": "thread", "value": "16680-MainThread"}, {"name": "framework", "value": "pytest"}, {"name": "language", "value": "cpython3"}, {"name": "package", "value": "tests.test_popups"}], "titlePath": ["tests", "test_popups.py", "TestPopups"]}