{"name": "test_confirm_popup", "status": "broken", "statusDetails": {"message": "selenium.common.exceptions.TimeoutException: Message: timeout: Timed out receiving message from renderer: 29.728\n  (Session info: chrome=140.0.7339.208)\nStacktrace:\n\tGetHandleVerifier [0x0xc2c333+65459]\n\tGetHandleVerifier [0x0xc2c374+65524]\n\t(No symbol) [0x0xa4d973]\n\t(No symbol) [0x0xa3e184]\n\t(No symbol) [0x0xa3deba]\n\t(No symbol) [0x0xa3bdc0]\n\t(No symbol) [0x0xa3c8a7]\n\t(No symbol) [0x0xa494fe]\n\t(No symbol) [0x0xa5aec5]\n\t(No symbol) [0x0xa60a56]\n\t(No symbol) [0x0xa3cf26]\n\t(No symbol) [0x0xa5ab6e]\n\t(No symbol) [0x0xadb8e8]\n\t(No symbol) [0x0xab9bf6]\n\t(No symbol) [0x0xa8b38e]\n\t(No symbol) [0x0xa8c274]\n\tGetHandleVerifier [0x0xeaeda3+2697763]\n\tGetHandleVerifier [0x0xea9ec7+2677575]\n\tGetHandleVerifier [0x0xc54194+228884]\n\tGetHandleVerifier [0x0xc449f8+165496]\n\tGetHandleVerifier [0x0xc4b18d+192013]\n\tGetHandleVerifier [0x0xc347d8+99416]\n\tGetHandleVerifier [0x0xc34972+99826]\n\tGetHandleVerifier [0x0xc1ebea+10346]\n\tBaseThreadInitThunk [0x0x7570fcc9+25]\n\tRtlGetAppContainerNamedObjectPath [0x0x7761809e+286]\n\tRtlGetAppContainerNamedObjectPath [0x0x7761806e+238]", "trace": "tests\\test_popups.py:29: in test_confirm_popup\n    popups_page.open_popups_page()\npages\\popups_page.py:15: in open_popups_page\n    self.open_url(\"https://practice-automation.com/popups/\")\npages\\base_page.py:111: in open_url\n    self.driver.get(url)\n..\\..\\AppData\\Local\\Packages\\PythonSoftwareFoundation.Python.3.12_qbz5n2kfra8p0\\LocalCache\\local-packages\\Python312\\site-packages\\selenium\\webdriver\\remote\\webdriver.py:483: in get\n    self.execute(Command.GET, {\"url\": url})\n..\\..\\AppData\\Local\\Packages\\PythonSoftwareFoundation.Python.3.12_qbz5n2kfra8p0\\LocalCache\\local-packages\\Python312\\site-packages\\selenium\\webdriver\\remote\\webdriver.py:458: in execute\n    self.error_handler.check_response(response)\n..\\..\\AppData\\Local\\Packages\\PythonSoftwareFoundation.Python.3.12_qbz5n2kfra8p0\\LocalCache\\local-packages\\Python312\\site-packages\\selenium\\webdriver\\remote\\errorhandler.py:232: in check_response\n    raise exception_class(message, screen, stacktrace)\nE   selenium.common.exceptions.TimeoutException: Message: timeout: Timed out receiving message from renderer: 29.728\nE     (Session info: chrome=140.0.7339.208)\nE   Stacktrace:\nE   \tGetHandleVerifier [0x0xc2c333+65459]\nE   \tGetHandleVerifier [0x0xc2c374+65524]\nE   \t(No symbol) [0x0xa4d973]\nE   \t(No symbol) [0x0xa3e184]\nE   \t(No symbol) [0x0xa3deba]\nE   \t(No symbol) [0x0xa3bdc0]\nE   \t(No symbol) [0x0xa3c8a7]\nE   \t(No symbol) [0x0xa494fe]\nE   \t(No symbol) [0x0xa5aec5]\nE   \t(No symbol) [0x0xa60a56]\nE   \t(No symbol) [0x0xa3cf26]\nE   \t(No symbol) [0x0xa5ab6e]\nE   \t(No symbol) [0x0xadb8e8]\nE   \t(No symbol) [0x0xab9bf6]\nE   \t(No symbol) [0x0xa8b38e]\nE   \t(No symbol) [0x0xa8c274]\nE   \tGetHandleVerifier [0x0xeaeda3+2697763]\nE   \tGetHandleVerifier [0x0xea9ec7+2677575]\nE   \tGetHandleVerifier [0x0xc54194+228884]\nE   \tGetHandleVerifier [0x0xc449f8+165496]\nE   \tGetHandleVerifier [0x0xc4b18d+192013]\nE   \tGetHandleVerifier [0x0xc347d8+99416]\nE   \tGetHandleVerifier [0x0xc34972+99826]\nE   \tGetHandleVerifier [0x0xc1ebea+10346]\nE   \tBaseThreadInitThunk [0x0x7570fcc9+25]\nE   \tRtlGetAppContainerNamedObjectPath [0x0x7761809e+286]\nE   \tRtlGetAppContainerNamedObjectPath [0x0x7761806e+238]"}, "steps": [{"name": "Open popups page", "status": "broken", "statusDetails": {"message": "selenium.common.exceptions.TimeoutException: Message: timeout: Timed out receiving message from renderer: 29.728\n  (Session info: chrome=140.0.7339.208)\nStacktrace:\n\tGetHandleVerifier [0x0xc2c333+65459]\n\tGetHandleVerifier [0x0xc2c374+65524]\n\t(No symbol) [0x0xa4d973]\n\t(No symbol) [0x0xa3e184]\n\t(No symbol) [0x0xa3deba]\n\t(No symbol) [0x0xa3bdc0]\n\t(No symbol) [0x0xa3c8a7]\n\t(No symbol) [0x0xa494fe]\n\t(No symbol) [0x0xa5aec5]\n\t(No symbol) [0x0xa60a56]\n\t(No symbol) [0x0xa3cf26]\n\t(No symbol) [0x0xa5ab6e]\n\t(No symbol) [0x0xadb8e8]\n\t(No symbol) [0x0xab9bf6]\n\t(No symbol) [0x0xa8b38e]\n\t(No symbol) [0x0xa8c274]\n\tGetHandleVerifier [0x0xeaeda3+2697763]\n\tGetHandleVerifier [0x0xea9ec7+2677575]\n\tGetHandleVerifier [0x0xc54194+228884]\n\tGetHandleVerifier [0x0xc449f8+165496]\n\tGetHandleVerifier [0x0xc4b18d+192013]\n\tGetHandleVerifier [0x0xc347d8+99416]\n\tGetHandleVerifier [0x0xc34972+99826]\n\tGetHandleVerifier [0x0xc1ebea+10346]\n\tBaseThreadInitThunk [0x0x7570fcc9+25]\n\tRtlGetAppContainerNamedObjectPath [0x0x7761809e+286]\n\tRtlGetAppContainerNamedObjectPath [0x0x7761806e+238]\n\n", "trace": "  File \"C:\\Users\\Fr0z3n556\\Desktop\\automation_project\\tests\\test_popups.py\", line 29, in test_confirm_popup\n    popups_page.open_popups_page()\n  File \"C:\\Users\\Fr0z3n556\\Desktop\\automation_project\\pages\\popups_page.py\", line 15, in open_popups_page\n    self.open_url(\"https://practice-automation.com/popups/\")\n  File \"C:\\Users\\Fr0z3n556\\Desktop\\automation_project\\pages\\base_page.py\", line 111, in open_url\n    self.driver.get(url)\n  File \"C:\\Users\\Fr0z3n556\\AppData\\Local\\Packages\\PythonSoftwareFoundation.Python.3.12_qbz5n2kfra8p0\\LocalCache\\local-packages\\Python312\\site-packages\\selenium\\webdriver\\remote\\webdriver.py\", line 483, in get\n    self.execute(Command.GET, {\"url\": url})\n  File \"C:\\Users\\Fr0z3n556\\AppData\\Local\\Packages\\PythonSoftwareFoundation.Python.3.12_qbz5n2kfra8p0\\LocalCache\\local-packages\\Python312\\site-packages\\selenium\\webdriver\\remote\\webdriver.py\", line 458, in execute\n    self.error_handler.check_response(response)\n  File \"C:\\Users\\Fr0z3n556\\AppData\\Local\\Packages\\PythonSoftwareFoundation.Python.3.12_qbz5n2kfra8p0\\LocalCache\\local-packages\\Python312\\site-packages\\selenium\\webdriver\\remote\\errorhandler.py\", line 232, in check_response\n    raise exception_class(message, screen, stacktrace)\n"}, "start": 1758990704760, "stop": 1758990734772}], "start": 1758990704760, "stop": 1758990734774, "uuid": "1c99f3c5-2475-4fa3-a98a-60de132f10dd", "historyId": "91f1a358be9c8bbc08f1fc5091c9b2ea", "testCaseId": "91f1a358be9c8bbc08f1fc5091c9b2ea", "fullName": "tests.test_popups.TestPopups#test_confirm_popup", "labels": [{"name": "story", "value": "Test confirm popup"}, {"name": "feature", "value": "Popups"}, {"name": "parentSuite", "value": "tests"}, {"name": "suite", "value": "test_popups"}, {"name": "subSuite", "value": "TestPopups"}, {"name": "host", "value": "MakuOSPC"}, {"name": "thread", "value": "32360-MainThread"}, {"name": "framework", "value": "pytest"}, {"name": "language", "value": "cpython3"}, {"name": "package", "value": "tests.test_popups"}], "titlePath": ["tests", "test_popups.py", "TestPopups"]}