{"name": "test_click_events", "status": "failed", "statusDetails": {"message": "AssertionError: Failed to open click events page\nassert False\n +  where False = open_click_events_page()\n +    where open_click_events_page = <pages.click_events_page.ClickEventsPage object at 0x000001EFD68CFFB0>.open_click_events_page", "trace": "self = <automation_project.tests.test_click_events.TestClickEvents object at 0x000001EFD5CC0FB0>, driver = <selenium.webdriver.chrome.webdriver.WebDriver (session=\"fc785132c42afb16c891c8e1083ea728\")>\n\n    @allure.story(\"Test different click events\")\n    @allure.severity(allure.severity_level.NORMAL)\n    def test_click_events(self, driver):\n        click_page = ClickEventsPage(driver)\n    \n        with allure.step(\"Open click events page\"): # type: ignore\n>           assert click_page.open_click_events_page(), \"Failed to open click events page\"\nE           AssertionError: Failed to open click events page\nE           assert False\nE            +  where False = open_click_events_page()\nE            +    where open_click_events_page = <pages.click_events_page.ClickEventsPage object at 0x000001EFD68CFFB0>.open_click_events_page\n\ntests\\test_click_events.py:18: AssertionError"}, "steps": [{"name": "Open click events page", "status": "failed", "statusDetails": {"message": "AssertionError: Failed to open click events page\nassert False\n +  where False = open_click_events_page()\n +    where open_click_events_page = <pages.click_events_page.ClickEventsPage object at 0x000001EFD68CFFB0>.open_click_events_page\n", "trace": "  File \"C:\\Users\\Fr0z3n556\\Desktop\\automation_project\\tests\\test_click_events.py\", line 18, in test_click_events\n    assert click_page.open_click_events_page(), \"Failed to open click events page\"\n"}, "start": 1758997506268, "stop": 1758997517248}], "start": 1758997506268, "stop": 1758997517250, "uuid": "18452d1f-e1cf-4b4a-9ffe-508654bf5707", "historyId": "d411aff5b7f41245e296c335cdbd1bc0", "testCaseId": "d411aff5b7f41245e296c335cdbd1bc0", "fullName": "tests.test_click_events.TestClickEvents#test_click_events", "labels": [{"name": "severity", "value": "normal"}, {"name": "story", "value": "Test different click events"}, {"name": "feature", "value": "Click Events"}, {"name": "parentSuite", "value": "tests"}, {"name": "suite", "value": "test_click_events"}, {"name": "subSuite", "value": "TestClickEvents"}, {"name": "host", "value": "MakuOSPC"}, {"name": "thread", "value": "35320-MainThread"}, {"name": "framework", "value": "pytest"}, {"name": "language", "value": "cpython3"}, {"name": "package", "value": "tests.test_click_events"}], "titlePath": ["tests", "test_click_events.py", "TestClickEvents"]}