{"name": "test_click_events", "status": "failed", "statusDetails": {"message": "AssertionError: Страница не открылась\nassert False is True", "trace": "self = <automation_project.tests.test_click_events.TestClickEvents object at 0x000002337E62D700>, driver = <selenium.webdriver.chrome.webdriver.WebDriver (session=\"8d74b85e8d93d71e0a47c016dea55aaf\")>\n\n    @allure.story(\"Test different click events\")\n    @allure.severity(allure.severity_level.NORMAL)\n    def test_click_events(self, driver):\n        \"\"\"Тестирование различных типов кликов\"\"\"\n        click_page = ClickEventsPage(driver)\n    \n        with allure.step(\"Open Click Events page\"):\n            result = click_page.open_click_events_page()\n>           assert result is True, \"Страница не открылась\"\nE           AssertionError: Страница не открылась\nE           assert False is True\n\ntests\\test_click_events.py:22: AssertionError"}, "description": "Тестирование различных типов кликов", "steps": [{"name": "Open Click Events page", "status": "failed", "statusDetails": {"message": "AssertionError: Страница не открылась\nassert False is True\n", "trace": "  File \"c:\\Users\\Fr0z3n556\\Desktop\\automation_project\\tests\\test_click_events.py\", line 22, in test_click_events\n    assert result is True, \"Страница не открылась\"\n"}, "start": 1759052714861, "stop": 1759052729296}], "start": 1759052714861, "stop": 1759052729298, "uuid": "49f42d95-4791-403b-aea7-bd9f0e11f012", "historyId": "d411aff5b7f41245e296c335cdbd1bc0", "testCaseId": "d411aff5b7f41245e296c335cdbd1bc0", "fullName": "tests.test_click_events.TestClickEvents#test_click_events", "labels": [{"name": "severity", "value": "normal"}, {"name": "story", "value": "Test different click events"}, {"name": "feature", "value": "Click Events"}, {"name": "parentSuite", "value": "tests"}, {"name": "suite", "value": "test_click_events"}, {"name": "subSuite", "value": "TestClickEvents"}, {"name": "host", "value": "MakuOSPC"}, {"name": "thread", "value": "25468-MainThread"}, {"name": "framework", "value": "pytest"}, {"name": "language", "value": "cpython3"}, {"name": "package", "value": "tests.test_click_events"}], "titlePath": ["tests", "test_click_events.py", "TestClickEvents"]}