{"name": "test_all_popups", "status": "failed", "statusDetails": {"message": "AssertionError: Failed to open popups page\nassert False\n +  where False = open_popups_page()\n +    where open_popups_page = <pages.popups_page.PopupsPage object at 0x000001EFD6989040>.open_popups_page", "trace": "self = <automation_project.tests.test_popups.TestPopups object at 0x000001EFD68F8470>, driver = <selenium.webdriver.chrome.webdriver.WebDriver (session=\"aeba6c1ce401b924b2ced9177a894755\")>\n\n    @allure.story(\"Test all popup types\")\n    @allure.severity(allure.severity_level.NORMAL)\n    def test_all_popups(self, driver):\n        popups_page = PopupsPage(driver)\n    \n        with allure.step(\"Open popups page\"): # type: ignore\n>           assert popups_page.open_popups_page(), \"Failed to open popups page\"\nE           AssertionError: Failed to open popups page\nE           assert False\nE            +  where False = open_popups_page()\nE            +    where open_popups_page = <pages.popups_page.PopupsPage object at 0x000001EFD6989040>.open_popups_page\n\ntests\\test_popups.py:18: AssertionError"}, "steps": [{"name": "Open popups page", "status": "failed", "statusDetails": {"message": "AssertionError: Failed to open popups page\nassert False\n +  where False = open_popups_page()\n +    where open_popups_page = <pages.popups_page.PopupsPage object at 0x000001EFD6989040>.open_popups_page\n", "trace": "  File \"C:\\Users\\Fr0z3n556\\Desktop\\automation_project\\tests\\test_popups.py\", line 18, in test_all_popups\n    assert popups_page.open_popups_page(), \"Failed to open popups page\"\n"}, "start": 1758997538154, "stop": 1758997539659}], "start": 1758997538154, "stop": 1758997539660, "uuid": "bf5881df-94f4-4200-941c-64630fdc6efd", "historyId": "0289197de3f4ce370a837d51f6ba0dbe", "testCaseId": "0289197de3f4ce370a837d51f6ba0dbe", "fullName": "tests.test_popups.TestPopups#test_all_popups", "labels": [{"name": "severity", "value": "normal"}, {"name": "feature", "value": "Popups"}, {"name": "story", "value": "Test all popup types"}, {"name": "parentSuite", "value": "tests"}, {"name": "suite", "value": "test_popups"}, {"name": "subSuite", "value": "TestPopups"}, {"name": "host", "value": "MakuOSPC"}, {"name": "thread", "value": "35320-MainThread"}, {"name": "framework", "value": "pytest"}, {"name": "language", "value": "cpython3"}, {"name": "package", "value": "tests.test_popups"}], "titlePath": ["tests", "test_popups.py", "TestPopups"]}