{"name": "test_click_events", "status": "broken", "statusDetails": {"message": "selenium.common.exceptions.TimeoutException: Message: \nStacktrace:\n\tGetHandleVerifier [0x0xc2c333+65459]\n\tGetHandleVerifier [0x0xc2c374+65524]\n\t(No symbol) [0x0xa4d973]\n\t(No symbol) [0x0xa976e7]\n\t(No symbol) [0x0xa97a8b]\n\t(No symbol) [0x0xaddea2]\n\t(No symbol) [0x0xab9e44]\n\t(No symbol) [0x0xadb606]\n\t(No symbol) [0x0xab9bf6]\n\t(No symbol) [0x0xa8b38e]\n\t(No symbol) [0x0xa8c274]\n\tGetHandleVerifier [0x0xeaeda3+2697763]\n\tGetHandleVerifier [0x0xea9ec7+2677575]\n\tGetHandleVerifier [0x0xc54194+228884]\n\tGetHandleVerifier [0x0xc449f8+165496]\n\tGetHandleVerifier [0x0xc4b18d+192013]\n\tGetHandleVerifier [0x0xc347d8+99416]\n\tGetHandleVerifier [0x0xc34972+99826]\n\tGetHandleVerifier [0x0xc1ebea+10346]\n\tBaseThreadInitThunk [0x0x7570fcc9+25]\n\tRtlGetAppContainerNamedObjectPath [0x0x7761809e+286]\n\tRtlGetAppContainerNamedObjectPath [0x0x7761806e+238]", "trace": "tests\\test_click_events.py:21: in test_click_events\n    click_page.perform_click()\npages\\click_events_page.py:20: in perform_click\n    self.click_element(self.CLICK_BUTTON)\npages\\base_page.py:78: in click_element\n    element = self.find_element(locator, handle_alert)\n              ^^^^^^^^^^^^^^^^^^^^^^^^^^^^^^^^^^^^^^^^\npages\\base_page.py:64: in find_element\n    return WebDriverWait(self.driver, timeout).until(\n..\\..\\AppData\\Local\\Packages\\PythonSoftwareFoundation.Python.3.12_qbz5n2kfra8p0\\LocalCache\\local-packages\\Python312\\site-packages\\selenium\\webdriver\\support\\wait.py:138: in until\n    raise TimeoutException(message, screen, stacktrace)\nE   selenium.common.exceptions.TimeoutException: Message: \nE   Stacktrace:\nE   \tGetHandleVerifier [0x0xc2c333+65459]\nE   \tGetHandleVerifier [0x0xc2c374+65524]\nE   \t(No symbol) [0x0xa4d973]\nE   \t(No symbol) [0x0xa976e7]\nE   \t(No symbol) [0x0xa97a8b]\nE   \t(No symbol) [0x0xaddea2]\nE   \t(No symbol) [0x0xab9e44]\nE   \t(No symbol) [0x0xadb606]\nE   \t(No symbol) [0x0xab9bf6]\nE   \t(No symbol) [0x0xa8b38e]\nE   \t(No symbol) [0x0xa8c274]\nE   \tGetHandleVerifier [0x0xeaeda3+2697763]\nE   \tGetHandleVerifier [0x0xea9ec7+2677575]\nE   \tGetHandleVerifier [0x0xc54194+228884]\nE   \tGetHandleVerifier [0x0xc449f8+165496]\nE   \tGetHandleVerifier [0x0xc4b18d+192013]\nE   \tGetHandleVerifier [0x0xc347d8+99416]\nE   \tGetHandleVerifier [0x0xc34972+99826]\nE   \tGetHandleVerifier [0x0xc1ebea+10346]\nE   \tBaseThreadInitThunk [0x0x7570fcc9+25]\nE   \tRtlGetAppContainerNamedObjectPath [0x0x7761809e+286]\nE   \tRtlGetAppContainerNamedObjectPath [0x0x7761806e+238]"}, "steps": [{"name": "Open click events page", "status": "passed", "start": 1758990565047, "stop": 1758990595524}, {"name": "Test single click", "status": "broken", "statusDetails": {"message": "selenium.common.exceptions.TimeoutException: Message: \nStacktrace:\n\tGetHandleVerifier [0x0xc2c333+65459]\n\tGetHandleVerifier [0x0xc2c374+65524]\n\t(No symbol) [0x0xa4d973]\n\t(No symbol) [0x0xa976e7]\n\t(No symbol) [0x0xa97a8b]\n\t(No symbol) [0x0xaddea2]\n\t(No symbol) [0x0xab9e44]\n\t(No symbol) [0x0xadb606]\n\t(No symbol) [0x0xab9bf6]\n\t(No symbol) [0x0xa8b38e]\n\t(No symbol) [0x0xa8c274]\n\tGetHandleVerifier [0x0xeaeda3+2697763]\n\tGetHandleVerifier [0x0xea9ec7+2677575]\n\tGetHandleVerifier [0x0xc54194+228884]\n\tGetHandleVerifier [0x0xc449f8+165496]\n\tGetHandleVerifier [0x0xc4b18d+192013]\n\tGetHandleVerifier [0x0xc347d8+99416]\n\tGetHandleVerifier [0x0xc34972+99826]\n\tGetHandleVerifier [0x0xc1ebea+10346]\n\tBaseThreadInitThunk [0x0x7570fcc9+25]\n\tRtlGetAppContainerNamedObjectPath [0x0x7761809e+286]\n\tRtlGetAppContainerNamedObjectPath [0x0x7761806e+238]\n\n", "trace": "  File \"C:\\Users\\Fr0z3n556\\Desktop\\automation_project\\tests\\test_click_events.py\", line 21, in test_click_events\n    click_page.perform_click()\n  File \"C:\\Users\\Fr0z3n556\\Desktop\\automation_project\\pages\\click_events_page.py\", line 20, in perform_click\n    self.click_element(self.CLICK_BUTTON)\n  File \"C:\\Users\\Fr0z3n556\\Desktop\\automation_project\\pages\\base_page.py\", line 78, in click_element\n    element = self.find_element(locator, handle_alert)\n              ^^^^^^^^^^^^^^^^^^^^^^^^^^^^^^^^^^^^^^^^\n  File \"C:\\Users\\Fr0z3n556\\Desktop\\automation_project\\pages\\base_page.py\", line 64, in find_element\n    return WebDriverWait(self.driver, timeout).until(\n           ^^^^^^^^^^^^^^^^^^^^^^^^^^^^^^^^^^^^^^^^^^\n  File \"C:\\Users\\Fr0z3n556\\AppData\\Local\\Packages\\PythonSoftwareFoundation.Python.3.12_qbz5n2kfra8p0\\LocalCache\\local-packages\\Python312\\site-packages\\selenium\\webdriver\\support\\wait.py\", line 138, in until\n    raise TimeoutException(message, screen, stacktrace)\n"}, "attachments": [{"name": "element_not_found_btn1", "source": "fc3da1fa-634f-46d8-8bf6-bbf4b277a34e-attachment.png", "type": "image/png"}], "start": 1758990595524, "stop": 1758990609151}], "start": 1758990565047, "stop": 1758990609153, "uuid": "a50e87bb-28da-407e-9b88-faa27ad63f21", "historyId": "d411aff5b7f41245e296c335cdbd1bc0", "testCaseId": "d411aff5b7f41245e296c335cdbd1bc0", "fullName": "tests.test_click_events.TestClickEvents#test_click_events", "labels": [{"name": "feature", "value": "Click Events"}, {"name": "severity", "value": "normal"}, {"name": "story", "value": "Test different click events"}, {"name": "parentSuite", "value": "tests"}, {"name": "suite", "value": "test_click_events"}, {"name": "subSuite", "value": "TestClickEvents"}, {"name": "host", "value": "MakuOSPC"}, {"name": "thread", "value": "32360-MainThread"}, {"name": "framework", "value": "pytest"}, {"name": "language", "value": "cpython3"}, {"name": "package", "value": "tests.test_click_events"}], "titlePath": ["tests", "test_click_events.py", "TestClickEvents"]}