{"name": "test_fill_and_submit_form", "status": "failed", "statusDetails": {"message": "AssertionError: Страница не открылась\nassert False is True", "trace": "self = <automation_project.tests.test_form.TestForm object at 0x0000014E2000E9C0>, driver = <selenium.webdriver.chrome.webdriver.WebDriver (session=\"f74ef99786f6ad2a136cfa6fc96f86e2\")>\n\n    @allure.story(\"Fill and submit form\")\n    @allure.severity(allure.severity_level.CRITICAL)\n    def test_fill_and_submit_form(self, driver):\n        form_page = FormPage(driver)\n    \n        # Открываем страницу\n        result = form_page.open_form_page()\n>       assert result is True, \"Страница не открылась\"\nE       AssertionError: Страница не открылась\nE       assert False is True\n\ntests\\test_form.py:19: AssertionError"}, "start": 1759042082280, "stop": 1759042091925, "uuid": "99e29e30-6d5b-496b-8ae7-ca15b843717b", "historyId": "2650da391c980413bcdedeabba7a0a65", "testCaseId": "2650da391c980413bcdedeabba7a0a65", "fullName": "tests.test_form.TestForm#test_fill_and_submit_form", "labels": [{"name": "feature", "value": "Form Page"}, {"name": "severity", "value": "critical"}, {"name": "story", "value": "Fill and submit form"}, {"name": "parentSuite", "value": "tests"}, {"name": "suite", "value": "test_form"}, {"name": "subSuite", "value": "TestForm"}, {"name": "host", "value": "MakuOSPC"}, {"name": "thread", "value": "16680-MainThread"}, {"name": "framework", "value": "pytest"}, {"name": "language", "value": "cpython3"}, {"name": "package", "value": "tests.test_form"}], "titlePath": ["tests", "test_form.py", "TestForm"]}